<?xml version="1.0" encoding="UTF-8"?>
<testsuite xmlns:xsi="http://www.w3.org/2001/XMLSchema-instance" xsi:noNamespaceSchemaLocation="https://maven.apache.org/surefire/maven-surefire-plugin/xsd/surefire-test-report-3.0.xsd" version="3.0" name="com.portfolio.backend.BackendApplicationTests" time="9.63" tests="1" errors="0" skipped="0" failures="0">
  <properties>
[...]
</properties>
  <testcase name="contextLoads" classname="com.portfolio.backend.BackendApplicationTests" time="0.539">
    <system-out><![CDATA[08:22:49.514 [main] INFO org.springframework.test.context.support.AnnotationConfigContextLoaderUtils -- Could not detect default configuration classes for test class [com.portfolio.backend.BackendApplicationTests]: BackendApplicationTests does not declare any static, non-private, non-final, nested classes annotated with @Configuration.
08:22:49.690 [main] INFO org.springframework.boot.test.context.SpringBootTestContextBootstrapper -- Found @SpringBootConfiguration com.portfolio.backend.BackendApplication for test class com.portfolio.backend.BackendApplicationTests

  .   ____          _            __ _ _
 /\\ / ___'_ __ _ _(_)_ __  __ _ \ \ \ \
( ( )\___ | '_ | '_| | '_ \/ _` | \ \ \ \
 \\/  ___)| |_)| | | | | || (_| |  ) ) ) )
  '  |____| .__|_| |_|_| |_\__, | / / / /
 =========|_|==============|___/=/_/_/_/
 :: Spring Boot ::                (v3.1.0)

2023-07-16T08:22:50.258-03:00  INFO 15068 --- [           main] c.p.backend.BackendApplicationTests      : Starting BackendApplicationTests using Java 20.0.1 with PID 15068 (started by porce in C:\Users\porce\Documents\Proyectos\Lucian\Argentina-Programa-Back-End-2.0)
2023-07-16T08:22:50.260-03:00  INFO 15068 --- [           main] c.p.backend.BackendApplicationTests      : No active profile set, falling back to 1 default profile: "default"
2023-07-16T08:22:51.130-03:00  INFO 15068 --- [           main] .s.d.r.c.RepositoryConfigurationDelegate : Bootstrapping Spring Data JPA repositories in DEFAULT mode.
2023-07-16T08:22:51.241-03:00  INFO 15068 --- [           main] .s.d.r.c.RepositoryConfigurationDelegate : Finished Spring Data repository scanning in 96 ms. Found 5 JPA repository interfaces.
2023-07-16T08:22:51.898-03:00  INFO 15068 --- [           main] o.hibernate.jpa.internal.util.LogHelper  : HHH000204: Processing PersistenceUnitInfo [name: default]
2023-07-16T08:22:51.974-03:00  INFO 15068 --- [           main] org.hibernate.Version                    : HHH000412: Hibernate ORM core version 6.2.2.Final
2023-07-16T08:22:51.976-03:00  INFO 15068 --- [           main] org.hibernate.cfg.Environment            : HHH000406: Using bytecode reflection optimizer
2023-07-16T08:22:52.268-03:00  INFO 15068 --- [           main] o.h.b.i.BytecodeProviderInitiator        : HHH000021: Bytecode provider name : bytebuddy
2023-07-16T08:22:52.422-03:00  INFO 15068 --- [           main] o.s.o.j.p.SpringPersistenceUnitInfo      : No LoadTimeWeaver setup: ignoring JPA class transformer
2023-07-16T08:22:52.438-03:00  INFO 15068 --- [           main] com.zaxxer.hikari.HikariDataSource       : HikariPool-1 - Starting...
2023-07-16T08:22:54.871-03:00  INFO 15068 --- [           main] com.zaxxer.hikari.pool.HikariPool        : HikariPool-1 - Added connection com.mysql.cj.jdbc.ConnectionImpl@4239262e
2023-07-16T08:22:54.877-03:00  INFO 15068 --- [           main] com.zaxxer.hikari.HikariDataSource       : HikariPool-1 - Start completed.
2023-07-16T08:22:55.390-03:00  INFO 15068 --- [           main] org.hibernate.orm.dialect                : HHH035001: Using dialect: org.hibernate.dialect.MySQLDialect, version: 8.0
2023-07-16T08:22:55.661-03:00  INFO 15068 --- [           main] o.h.b.i.BytecodeProviderInitiator        : HHH000021: Bytecode provider name : bytebuddy
2023-07-16T08:22:56.436-03:00  INFO 15068 --- [           main] o.h.e.t.j.p.i.JtaPlatformInitiator       : HHH000490: Using JtaPlatform implementation: [org.hibernate.engine.transaction.jta.platform.internal.NoJtaPlatform]
2023-07-16T08:22:57.133-03:00  INFO 15068 --- [           main] j.LocalContainerEntityManagerFactoryBean : Initialized JPA EntityManagerFactory for persistence unit 'default'
2023-07-16T08:22:57.707-03:00  WARN 15068 --- [           main] JpaBaseConfiguration$JpaWebConfiguration : spring.jpa.open-in-view is enabled by default. Therefore, database queries may be performed during view rendering. Explicitly configure spring.jpa.open-in-view to disable this warning
2023-07-16T08:22:58.335-03:00  INFO 15068 --- [           main] c.p.backend.BackendApplicationTests      : Started BackendApplicationTests in 8.448 seconds (process running for 10.018)
]]></system-out>
  </testcase>
</testsuite>